<?xml version="1.0" encoding="UTF-8" ?>
<testsuite tests="2" failures="0" name="io.vertx.starter.database.WikiDatabaseVerticleTest" time="11.002" errors="1" skipped="0">
  <properties>
    <property name="java.runtime.name" value="Java(TM) SE Runtime Environment"/>
    <property name="sun.boot.library.path" value="/Library/Java/JavaVirtualMachines/1.8.0_131.jdk/Contents/Home/jre/lib"/>
    <property name="java.vm.version" value="25.131-b11"/>
    <property name="user.country.format" value="VN"/>
    <property name="gopherProxySet" value="false"/>
    <property name="java.vm.vendor" value="Oracle Corporation"/>
    <property name="maven.multiModuleProjectDirectory" value="/Users/trunglnm/Documents/working/learning/java/vertx-starter"/>
    <property name="java.vendor.url" value="http://java.oracle.com/"/>
    <property name="path.separator" value=":"/>
    <property name="guice.disable.misplaced.annotation.check" value="true"/>
    <property name="java.vm.name" value="Java HotSpot(TM) 64-Bit Server VM"/>
    <property name="file.encoding.pkg" value="sun.io"/>
    <property name="user.country" value="US"/>
    <property name="sun.java.launcher" value="SUN_STANDARD"/>
    <property name="sun.os.patch.level" value="unknown"/>
    <property name="java.vm.specification.name" value="Java Virtual Machine Specification"/>
    <property name="user.dir" value="/Users/trunglnm/Documents/working/learning/java/vertx-starter"/>
    <property name="java.runtime.version" value="1.8.0_131-b11"/>
    <property name="java.awt.graphicsenv" value="sun.awt.CGraphicsEnvironment"/>
    <property name="java.endorsed.dirs" value="/Library/Java/JavaVirtualMachines/1.8.0_131.jdk/Contents/Home/jre/lib/endorsed"/>
    <property name="os.arch" value="x86_64"/>
    <property name="java.io.tmpdir" value="/var/folders/_4/5q_m0z_s2f309v8jwf6828340000gp/T/"/>
    <property name="line.separator" value="
"/>
    <property name="java.vm.specification.vendor" value="Oracle Corporation"/>
    <property name="os.name" value="Mac OS X"/>
    <property name="classworlds.conf" value="/Users/trunglnm/Documents/working/build_tool/apache-maven-3.5.0/bin/m2.conf"/>
    <property name="sun.jnu.encoding" value="UTF-8"/>
    <property name="java.library.path" value="/Users/trunglnm/Library/Java/Extensions:/Library/Java/Extensions:/Network/Library/Java/Extensions:/System/Library/Java/Extensions:/usr/lib/java:."/>
    <property name="maven.conf" value="/Users/trunglnm/Documents/working/build_tool/apache-maven-3.5.0/conf"/>
    <property name="java.specification.name" value="Java Platform API Specification"/>
    <property name="java.class.version" value="52.0"/>
    <property name="sun.management.compiler" value="HotSpot 64-Bit Tiered Compilers"/>
    <property name="os.version" value="10.12.6"/>
    <property name="library.jansi.path" value="/Users/trunglnm/Documents/working/build_tool/apache-maven-3.5.0/lib/jansi-native/osx64"/>
    <property name="http.nonProxyHosts" value="local|*.local|169.254/16|*.169.254/16"/>
    <property name="user.home" value="/Users/trunglnm"/>
    <property name="user.timezone" value="Asia/Ho_Chi_Minh"/>
    <property name="java.awt.printerjob" value="sun.lwawt.macosx.CPrinterJob"/>
    <property name="java.specification.version" value="1.8"/>
    <property name="file.encoding" value="UTF-8"/>
    <property name="user.name" value="trunglnm"/>
    <property name="java.class.path" value="/Users/trunglnm/Documents/working/build_tool/apache-maven-3.5.0/boot/plexus-classworlds-2.5.2.jar"/>
    <property name="org.slf4j.simpleLogger.defaultLogLevel" value="debug"/>
    <property name="java.vm.specification.version" value="1.8"/>
    <property name="sun.arch.data.model" value="64"/>
    <property name="java.home" value="/Library/Java/JavaVirtualMachines/1.8.0_131.jdk/Contents/Home/jre"/>
    <property name="sun.java.command" value="org.codehaus.plexus.classworlds.launcher.Launcher clean package -X"/>
    <property name="java.specification.vendor" value="Oracle Corporation"/>
    <property name="user.language" value="en"/>
    <property name="awt.toolkit" value="sun.lwawt.macosx.LWCToolkit"/>
    <property name="java.vm.info" value="mixed mode"/>
    <property name="java.version" value="1.8.0_131"/>
    <property name="java.ext.dirs" value="/Users/trunglnm/Library/Java/Extensions:/Library/Java/JavaVirtualMachines/1.8.0_131.jdk/Contents/Home/jre/lib/ext:/Library/Java/Extensions:/Network/Library/Java/Extensions:/System/Library/Java/Extensions:/usr/lib/java"/>
    <property name="sun.boot.class.path" value="/Library/Java/JavaVirtualMachines/1.8.0_131.jdk/Contents/Home/jre/lib/resources.jar:/Library/Java/JavaVirtualMachines/1.8.0_131.jdk/Contents/Home/jre/lib/rt.jar:/Library/Java/JavaVirtualMachines/1.8.0_131.jdk/Contents/Home/jre/lib/sunrsasign.jar:/Library/Java/JavaVirtualMachines/1.8.0_131.jdk/Contents/Home/jre/lib/jsse.jar:/Library/Java/JavaVirtualMachines/1.8.0_131.jdk/Contents/Home/jre/lib/jce.jar:/Library/Java/JavaVirtualMachines/1.8.0_131.jdk/Contents/Home/jre/lib/charsets.jar:/Library/Java/JavaVirtualMachines/1.8.0_131.jdk/Contents/Home/jre/lib/jfr.jar:/Library/Java/JavaVirtualMachines/1.8.0_131.jdk/Contents/Home/jre/classes"/>
    <property name="java.vendor" value="Oracle Corporation"/>
    <property name="maven.home" value="/Users/trunglnm/Documents/working/build_tool/apache-maven-3.5.0"/>
    <property name="file.separator" value="/"/>
    <property name="java.vendor.url.bug" value="http://bugreport.sun.com/bugreport/"/>
    <property name="sun.cpu.endian" value="little"/>
    <property name="sun.io.unicode.encoding" value="UnicodeBig"/>
    <property name="socksNonProxyHosts" value="local|*.local|169.254/16|*.169.254/16"/>
    <property name="ftp.nonProxyHosts" value="local|*.local|169.254/16|*.169.254/16"/>
    <property name="sun.cpu.isalist" value=""/>
  </properties>
  <testcase classname="io.vertx.starter.database.WikiDatabaseVerticleTest" name="crud_operations" time="10.935">
    <error message="Invalid argument in JDBC call" type="(RECIPIENT_FAILURE,-1) Invalid argument in JDBC call
	at io.vertx.starter.database.WikiDatabaseServiceVertxProxyHandler.lambda$createHandler$0(WikiDatabaseServiceVertxProxyHandler.java">(RECIPIENT_FAILURE,-1) Invalid argument in JDBC call
	at io.vertx.starter.database.WikiDatabaseServiceVertxProxyHandler.lambda$createHandler$0(WikiDatabaseServiceVertxProxyHandler.java:176)
	at io.vertx.starter.database.WikiDatabaseServiceImpl.lambda$null$11(WikiDatabaseServiceImpl.java:193)
	at io.vertx.core.impl.FutureImpl.setHandler(FutureImpl.java:81)
	at io.vertx.core.impl.ContextImpl.lambda$null$0(ContextImpl.java:287)
	at io.vertx.core.impl.ContextImpl.lambda$wrapTask$2(ContextImpl.java:337)
	at io.netty.util.concurrent.AbstractEventExecutor.safeExecute(AbstractEventExecutor.java:163)
	at io.netty.util.concurrent.SingleThreadEventExecutor.runAllTasks(SingleThreadEventExecutor.java:403)
	at io.netty.channel.nio.NioEventLoop.run(NioEventLoop.java:445)
	at io.netty.util.concurrent.SingleThreadEventExecutor$5.run(SingleThreadEventExecutor.java:858)
	at java.lang.Thread.run(Thread.java:748)
</error>
    <system-out>16:46:39.572 [vert.x-eventloop-thread-0] ERROR i.v.s.d.WikiDatabaseServiceImpl - Database query error
java.sql.SQLException: Invalid argument in JDBC call
	at org.hsqldb.jdbc.JDBCUtil.sqlException(Unknown Source)
	at org.hsqldb.jdbc.JDBCUtil.sqlException(Unknown Source)
	at org.hsqldb.jdbc.JDBCUtil.sqlException(Unknown Source)
	at org.hsqldb.jdbc.JDBCUtil.invalidArgument(Unknown Source)
	at org.hsqldb.jdbc.JDBCPreparedStatement.setClobParameter(Unknown Source)
	at org.hsqldb.jdbc.JDBCPreparedStatement.setClobParameter(Unknown Source)
	at org.hsqldb.jdbc.JDBCPreparedStatement.setParameter(Unknown Source)
	at org.hsqldb.jdbc.JDBCPreparedStatement.setObject(Unknown Source)
	at com.mchange.v2.c3p0.impl.NewProxyPreparedStatement.setObject(NewProxyPreparedStatement.java:878)
	at io.vertx.ext.jdbc.impl.actions.JDBCStatementHelper.fillStatement(JDBCStatementHelper.java:89)
	at io.vertx.ext.jdbc.impl.actions.JDBCUpdate.execute(JDBCUpdate.java:59)
	at io.vertx.ext.jdbc.impl.actions.JDBCUpdate.execute(JDBCUpdate.java:36)
	at io.vertx.ext.jdbc.impl.actions.AbstractJDBCAction.handle(AbstractJDBCAction.java:58)
	at io.vertx.core.impl.ContextImpl.lambda$executeBlocking$1(ContextImpl.java:271)
	at io.vertx.core.impl.TaskQueue.lambda$new$0(TaskQueue.java:60)
	at java.util.concurrent.ThreadPoolExecutor.runWorker(ThreadPoolExecutor.java:1142)
	at java.util.concurrent.ThreadPoolExecutor$Worker.run(ThreadPoolExecutor.java:617)
	at java.lang.Thread.run(Thread.java:748)
Caused by: org.hsqldb.HsqlException: Invalid argument in JDBC call
	at org.hsqldb.error.Error.error(Unknown Source)
	at org.hsqldb.error.Error.error(Unknown Source)
	... 16 common frames omitted
</system-out>
    <system-err>Aug 31, 2017 4:46:36 PM io.vertx.core.impl.BlockedThreadChecker
WARNING: Thread Thread[vert.x-eventloop-thread-0,5,main] has been blocked for 2795 ms, time limit is 2000
Aug 31, 2017 4:46:37 PM io.vertx.core.impl.BlockedThreadChecker
WARNING: Thread Thread[vert.x-eventloop-thread-0,5,main] has been blocked for 3800 ms, time limit is 2000
Aug 31, 2017 4:46:38 PM io.vertx.core.impl.BlockedThreadChecker
WARNING: Thread Thread[vert.x-eventloop-thread-0,5,main] has been blocked for 4801 ms, time limit is 2000
</system-err>
  </testcase>
  <testcase classname="io.vertx.starter.database.WikiDatabaseVerticleTest" name="test_fetchAllPagesData" time="0.067"/>
</testsuite>